d:\code\算法\查找\有序数组\有序数组\debug\有序数组.pch
d:\code\算法\查找\有序数组\有序数组\debug\vc140.pdb
d:\code\算法\查找\有序数组\有序数组\debug\vc140.idb
d:\code\算法\查找\有序数组\有序数组\debug\stdafx.obj
d:\code\算法\查找\有序数组\有序数组\debug\有序数组.obj
d:\code\算法\查找\有序数组\debug\有序数组.ilk
d:\code\算法\查找\有序数组\debug\有序数组.exe
d:\code\算法\查找\有序数组\debug\有序数组.pdb
d:\code\算法\alg4\查找\有序数组\有序数组\debug\stdafx.obj
d:\code\算法\alg4\查找\有序数组\有序数组\debug\有序数组.obj
d:\code\算法\alg4\查找\有序数组\有序数组\debug\有序数组.pch
d:\code\算法\alg4\查找\有序数组\有序数组\debug\vc140.idb
d:\code\算法\alg4\查找\有序数组\有序数组\debug\vc140.pdb
d:\code\算法\alg4\查找\有序数组\debug\有序数组.pdb
d:\code\算法\alg4\查找\有序数组\debug\有序数组.exe
d:\code\算法\alg4\查找\有序数组\debug\有序数组.ilk
d:\code\算法\alg4\查找\有序数组\有序数组\debug\有序数组.tlog\cl.command.1.tlog
d:\code\算法\alg4\查找\有序数组\有序数组\debug\有序数组.tlog\cl.read.1.tlog
d:\code\算法\alg4\查找\有序数组\有序数组\debug\有序数组.tlog\cl.write.1.tlog
d:\code\算法\alg4\查找\有序数组\有序数组\debug\有序数组.tlog\link.command.1.tlog
d:\code\算法\alg4\查找\有序数组\有序数组\debug\有序数组.tlog\link.read.1.tlog
d:\code\算法\alg4\查找\有序数组\有序数组\debug\有序数组.tlog\link.write.1.tlog
